[debug] [2019-11-22T09:39:18.328Z] ----------------------------------------------------------------------
[debug] [2019-11-22T09:39:18.330Z] Command:       /Users/k/.nodebrew/node/v12.3.1/bin/node /Users/k/.nodebrew/current/bin/firebase init
[debug] [2019-11-22T09:39:18.330Z] CLI Version:   7.6.1
[debug] [2019-11-22T09:39:18.330Z] Platform:      darwin
[debug] [2019-11-22T09:39:18.330Z] Node Version:  v12.3.1
[debug] [2019-11-22T09:39:18.331Z] Time:          Fri Nov 22 2019 18:39:18 GMT+0900 (GMT+09:00)
[debug] [2019-11-22T09:39:18.331Z] ----------------------------------------------------------------------
[debug] [2019-11-22T09:39:18.331Z] 
[debug] [2019-11-22T09:39:18.341Z] > command requires scopes: ["email","openid","https://www.googleapis.com/auth/cloudplatformprojects.readonly","https://www.googleapis.com/auth/firebase","https://www.googleapis.com/auth/cloud-platform"]
[debug] [2019-11-22T09:39:18.341Z] > authorizing via signed-in user
[info] 
     ######## #### ########  ######## ########     ###     ######  ########
     ##        ##  ##     ## ##       ##     ##  ##   ##  ##       ##
     ######    ##  ########  ######   ########  #########  ######  ######
     ##        ##  ##    ##  ##       ##     ## ##     ##       ## ##
     ##       #### ##     ## ######## ########  ##     ##  ######  ########

You're about to initialize a Firebase project in this directory:

  /Users/k/Kanadefolio

[info] 
=== Project Setup
[info] 
[info] First, let's associate this project directory with a Firebase project.
[info] You can create multiple project aliases by running firebase use --add, 
[info] but for now we'll just set up a default project.
[info] 
[info] i  If you want to create a project in a Google Cloud organization or folder, please use "firebase projects:create" instead, and return to this command when you've created the project.
[debug] [2019-11-22T09:43:36.998Z] > refreshing access token with scopes: ["email","https://www.googleapis.com/auth/cloud-platform","https://www.googleapis.com/auth/cloudplatformprojects.readonly","https://www.googleapis.com/auth/firebase","openid"]
[debug] [2019-11-22T09:43:36.998Z] >>> HTTP REQUEST POST https://www.googleapis.com/oauth2/v3/token  
 <request body omitted>
[debug] [2019-11-22T09:43:37.255Z] <<< HTTP RESPONSE 200
[debug] [2019-11-22T09:43:37.285Z] >>> HTTP REQUEST POST https://cloudresourcemanager.googleapis.com/v1/projects  

[debug] [2019-11-22T09:43:38.340Z] <<< HTTP RESPONSE 400
[debug] [2019-11-22T09:43:38.340Z] <<< HTTP RESPONSE BODY
[debug] [2019-11-22T09:43:38.344Z] HTTP Error: 400, field [project_id] has issue [project_id contains invalid characters]
[debug] [2019-11-22T09:43:38.496Z] FirebaseError: HTTP Error: 400, field [project_id] has issue [project_id contains invalid characters]
    at module.exports (/Users/k/.nodebrew/node/v12.3.1/lib/node_modules/firebase-tools/lib/responseToError.js:38:12)
    at Request._callback (/Users/k/.nodebrew/node/v12.3.1/lib/node_modules/firebase-tools/lib/api.js:39:35)
    at Request.self.callback (/Users/k/.nodebrew/node/v12.3.1/lib/node_modules/firebase-tools/node_modules/request/request.js:185:22)
    at Request.emit (events.js:200:13)
    at Request.EventEmitter.emit (domain.js:471:20)
    at Request.<anonymous> (/Users/k/.nodebrew/node/v12.3.1/lib/node_modules/firebase-tools/node_modules/request/request.js:1161:10)
    at Request.emit (events.js:200:13)
    at Request.EventEmitter.emit (domain.js:471:20)
    at IncomingMessage.<anonymous> (/Users/k/.nodebrew/node/v12.3.1/lib/node_modules/firebase-tools/node_modules/request/request.js:1083:12)
    at Object.onceWrapper (events.js:288:20)
[error] 
[error] Error: Failed to create Google Cloud project. See firebase-debug.log for more info.
